Build started 16.10.2015 10:17:29.
     1>Project "E:\NIRS\nirs\nirs\nirs.vcxproj" on node 2 (build target(s)).
     1>InitializeBuildStatus:
         Creating "Debug\nirs.unsuccessfulbuild" because "AlwaysCreate" was specified.
       ClCompile:
         e:\Microsoft Visual Studio 10.0\VC\bin\CL.exe /c /ZI /nologo /W3 /WX- /Od /Oy- /D WIN32 /D _DEBUG /D _CONSOLE /D _UNICODE /D UNICODE /Gm /EHsc /RTC1 /MDd /GS /fp:precise /Zc:wchar_t /Zc:forScope /Fo"Debug\\" /Fd"Debug\vc100.pdb" /Gd /TP /analyze- /errorReport:prompt main.cpp
         main.cpp
       ManifestResourceCompile:
         All outputs are up-to-date.
       Link:
         e:\Microsoft Visual Studio 10.0\VC\bin\link.exe /ERRORREPORT:PROMPT /OUT:"E:\NIRS\nirs\Debug\nirs.exe" /INCREMENTAL /NOLOGO opencv_core249.lib opencv_imgproc249.lib opencv_highgui249.lib kernel32.lib user32.lib gdi32.lib winspool.lib comdlg32.lib advapi32.lib shell32.lib ole32.lib oleaut32.lib uuid.lib odbc32.lib odbccp32.lib /MANIFEST /ManifestFile:"Debug\nirs.exe.intermediate.manifest" /MANIFESTUAC:"level='asInvoker' uiAccess='false'" /DEBUG /PDB:"E:\NIRS\nirs\Debug\nirs.pdb" /SUBSYSTEM:CONSOLE /TLBID:1 /DYNAMICBASE /NXCOMPAT /IMPLIB:"E:\NIRS\nirs\Debug\nirs.lib" /MACHINE:X86 Debug\nirs.exe.embed.manifest.res
         Debug\main.obj
       Manifest:
         C:\Program Files\Microsoft SDKs\Windows\v7.0A\bin\mt.exe /nologo /verbose /out:"Debug\nirs.exe.embed.manifest" /manifest Debug\nirs.exe.intermediate.manifest
         All outputs are up-to-date.
       LinkEmbedManifest:
         All outputs are up-to-date.
         nirs.vcxproj -> E:\NIRS\nirs\Debug\nirs.exe
       FinalizeBuildStatus:
         Deleting file "Debug\nirs.unsuccessfulbuild".
         Touching "Debug\nirs.lastbuildstate".
     1>Done Building Project "E:\NIRS\nirs\nirs\nirs.vcxproj" (build target(s)).

Build succeeded.

Time Elapsed 00:00:02.43
